[2025-04-01T17:25:58.388+0000] {local_task_job_runner.py:123} INFO - ::group::Pre task execution logs
[2025-04-01T17:25:58.476+0000] {taskinstance.py:2614} INFO - Dependencies all met for dep_context=non-requeueable deps ti=<TaskInstance: 4-Procesa_data.experimentos_task manual__2025-04-01T17:25:49.921659+00:00 [queued]>
[2025-04-01T17:25:58.515+0000] {taskinstance.py:2614} INFO - Dependencies all met for dep_context=requeueable deps ti=<TaskInstance: 4-Procesa_data.experimentos_task manual__2025-04-01T17:25:49.921659+00:00 [queued]>
[2025-04-01T17:25:58.516+0000] {taskinstance.py:2867} INFO - Starting attempt 1 of 1
[2025-04-01T17:25:58.552+0000] {taskinstance.py:2890} INFO - Executing <Task(PythonOperator): experimentos_task> on 2025-04-01 17:25:49.921659+00:00
[2025-04-01T17:25:58.601+0000] {standard_task_runner.py:72} INFO - Started process 831 to run task
[2025-04-01T17:25:58.621+0000] {standard_task_runner.py:104} INFO - Running: ['***', 'tasks', 'run', '4-Procesa_data', 'experimentos_task', 'manual__2025-04-01T17:25:49.921659+00:00', '--job-id', '15', '--raw', '--subdir', 'DAGS_FOLDER/Procesa_data.py', '--cfg-path', '/tmp/tmpqq9y7oir']
[2025-04-01T17:25:58.640+0000] {standard_task_runner.py:105} INFO - Job 15: Subtask experimentos_task
[2025-04-01T17:25:58.841+0000] {task_command.py:467} INFO - Running <TaskInstance: 4-Procesa_data.experimentos_task manual__2025-04-01T17:25:49.921659+00:00 [running]> on host 56b31014e3cf
[2025-04-01T17:25:59.245+0000] {taskinstance.py:3134} INFO - Exporting env vars: AIRFLOW_CTX_DAG_OWNER='***' AIRFLOW_CTX_DAG_ID='4-Procesa_data' AIRFLOW_CTX_TASK_ID='experimentos_task' AIRFLOW_CTX_EXECUTION_DATE='2025-04-01T17:25:49.921659+00:00' AIRFLOW_CTX_TRY_NUMBER='1' AIRFLOW_CTX_DAG_RUN_ID='manual__2025-04-01T17:25:49.921659+00:00'
[2025-04-01T17:25:59.266+0000] {taskinstance.py:732} INFO - ::endgroup::
[2025-04-01T17:25:59.599+0000] {warnings.py:109} WARNING - /opt/***/dags/Procesa_data.py:63: UserWarning: pandas only supports SQLAlchemy connectable (engine/connection) or database string URI or sqlite3 DBAPI2 connection. Other DBAPI2 objects are not tested. Please consider using SQLAlchemy.
  df = pd.read_sql(query, conn)

[2025-04-01T17:26:01.503+0000] {taskinstance.py:3313} ERROR - Task failed with exception
Traceback (most recent call last):
  File "/home/airflow/.local/lib/python3.8/site-packages/airflow/models/taskinstance.py", line 768, in _execute_task
    result = _execute_callable(context=context, **execute_callable_kwargs)
  File "/home/airflow/.local/lib/python3.8/site-packages/airflow/models/taskinstance.py", line 734, in _execute_callable
    return ExecutionCallableRunner(
  File "/home/airflow/.local/lib/python3.8/site-packages/airflow/utils/operator_helpers.py", line 252, in run
    return self.func(*args, **kwargs)
  File "/home/airflow/.local/lib/python3.8/site-packages/airflow/models/baseoperator.py", line 424, in wrapper
    return func(self, *args, **kwargs)
  File "/home/airflow/.local/lib/python3.8/site-packages/airflow/operators/python.py", line 238, in execute
    return_value = self.execute_callable()
  File "/home/airflow/.local/lib/python3.8/site-packages/airflow/operators/python.py", line 256, in execute_callable
    return runner.run(*self.op_args, **self.op_kwargs)
  File "/home/airflow/.local/lib/python3.8/site-packages/airflow/utils/operator_helpers.py", line 252, in run
    return self.func(*args, **kwargs)
  File "/opt/airflow/dags/Procesa_data.py", line 90, in experimentar
    pipe = Pipeline(steps=[("column_trans", column_trans),("scaler", StandardScaler(with_mean=False)), ("RandomForestClassifier", RandomForestClassifier())])
NameError: name 'Pipeline' is not defined
[2025-04-01T17:26:01.548+0000] {taskinstance.py:1226} INFO - Marking task as FAILED. dag_id=4-Procesa_data, task_id=experimentos_task, run_id=manual__2025-04-01T17:25:49.921659+00:00, execution_date=20250401T172549, start_date=20250401T172558, end_date=20250401T172601
[2025-04-01T17:26:01.666+0000] {taskinstance.py:341} INFO - ::group::Post task execution logs
[2025-04-01T17:26:01.666+0000] {standard_task_runner.py:124} ERROR - Failed to execute job 15 for task experimentos_task (name 'Pipeline' is not defined; 831)
Traceback (most recent call last):
  File "/home/airflow/.local/lib/python3.8/site-packages/airflow/task/task_runner/standard_task_runner.py", line 117, in _start_by_fork
    ret = args.func(args, dag=self.dag)
  File "/home/airflow/.local/lib/python3.8/site-packages/airflow/cli/cli_config.py", line 49, in command
    return func(*args, **kwargs)
  File "/home/airflow/.local/lib/python3.8/site-packages/airflow/utils/cli.py", line 116, in wrapper
    return f(*args, **kwargs)
  File "/home/airflow/.local/lib/python3.8/site-packages/airflow/cli/commands/task_command.py", line 483, in task_run
    task_return_code = _run_task_by_selected_method(args, _dag, ti)
  File "/home/airflow/.local/lib/python3.8/site-packages/airflow/cli/commands/task_command.py", line 256, in _run_task_by_selected_method
    return _run_raw_task(args, ti)
  File "/home/airflow/.local/lib/python3.8/site-packages/airflow/cli/commands/task_command.py", line 341, in _run_raw_task
    return ti._run_raw_task(
  File "/home/airflow/.local/lib/python3.8/site-packages/airflow/utils/session.py", line 97, in wrapper
    return func(*args, session=session, **kwargs)
  File "/home/airflow/.local/lib/python3.8/site-packages/airflow/models/taskinstance.py", line 3006, in _run_raw_task
    return _run_raw_task(
  File "/home/airflow/.local/lib/python3.8/site-packages/airflow/models/taskinstance.py", line 274, in _run_raw_task
    TaskInstance._execute_task_with_callbacks(
  File "/home/airflow/.local/lib/python3.8/site-packages/airflow/models/taskinstance.py", line 3161, in _execute_task_with_callbacks
    result = self._execute_task(context, task_orig)
  File "/home/airflow/.local/lib/python3.8/site-packages/airflow/models/taskinstance.py", line 3185, in _execute_task
    return _execute_task(self, context, task_orig)
  File "/home/airflow/.local/lib/python3.8/site-packages/airflow/models/taskinstance.py", line 768, in _execute_task
    result = _execute_callable(context=context, **execute_callable_kwargs)
  File "/home/airflow/.local/lib/python3.8/site-packages/airflow/models/taskinstance.py", line 734, in _execute_callable
    return ExecutionCallableRunner(
  File "/home/airflow/.local/lib/python3.8/site-packages/airflow/utils/operator_helpers.py", line 252, in run
    return self.func(*args, **kwargs)
  File "/home/airflow/.local/lib/python3.8/site-packages/airflow/models/baseoperator.py", line 424, in wrapper
    return func(self, *args, **kwargs)
  File "/home/airflow/.local/lib/python3.8/site-packages/airflow/operators/python.py", line 238, in execute
    return_value = self.execute_callable()
  File "/home/airflow/.local/lib/python3.8/site-packages/airflow/operators/python.py", line 256, in execute_callable
    return runner.run(*self.op_args, **self.op_kwargs)
  File "/home/airflow/.local/lib/python3.8/site-packages/airflow/utils/operator_helpers.py", line 252, in run
    return self.func(*args, **kwargs)
  File "/opt/airflow/dags/Procesa_data.py", line 90, in experimentar
    pipe = Pipeline(steps=[("column_trans", column_trans),("scaler", StandardScaler(with_mean=False)), ("RandomForestClassifier", RandomForestClassifier())])
NameError: name 'Pipeline' is not defined
[2025-04-01T17:26:01.798+0000] {local_task_job_runner.py:266} INFO - Task exited with return code 1
[2025-04-01T17:26:01.865+0000] {taskinstance.py:3901} INFO - 0 downstream tasks scheduled from follow-on schedule check
[2025-04-01T17:26:01.869+0000] {local_task_job_runner.py:245} INFO - ::endgroup::
